<testsuite name="Mocha Tests" tests="38" failures="0" errors="0" skipped="2" timestamp="Mon, 20 Apr 2015 09:01:42 GMT" time="5.263">
<testcase classname="Testing the settings page: testing some general stuff," name="should give the settings page" time="0.003"/>
<testcase classname="Testing the settings page: testing some general stuff," name="initially there should be no components" time="0"/>
<testcase classname="Testing the settings page: testing some general stuff," name="expect a title attribute" time="0.001"/>
<testcase classname="Testing the settings page: testing some general stuff," name="expect to have &quot;App Settings&quot; in the title" time="0"/>
<testcase classname="Testing the settings page: testing some general stuff," name="should have &quot;New Apps&quot; button" time="0.001"/>
<testcase classname="Testing the settings page: test the new apps page:" name="should have a bundle list" time="0.001"/>
<testcase classname="Testing the settings page: test the new apps page:" name="should have at least 1 bundle in the list" time="0.001"/>
<testcase classname="Testing the settings page: test the new apps page:" name="should have a button to return to the &quot;App Settings&quot;" time="0"><skipped/></testcase>
<testcase classname="Testing the settings page: test the bundle list:" name="should have an id" time="0.001"/>
<testcase classname="Testing the settings page: test the bundle list: checking the data attributes of the bundle items:" name="should have the data attribute &quot;name&quot;" time="0.001"/>
<testcase classname="Testing the settings page: test the bundle list: checking the data attributes of the bundle items:" name="should have the data attribute &quot;location&quot;" time="0"/>
<testcase classname="Testing the settings page: test the bundle list: checking the data attributes of the bundle items:" name="should have the data attribute &quot;pid&quot;" time="0.001"/>
<testcase classname="Testing the settings page: test the bundle list: checking the data attributes of the bundle items:" name="should have the data attribute &quot;hasFpid&quot;" time="0.001"/>
<testcase classname="Testing the settings page: test the bundle list: checking the data attributes of the bundle items:" name="should have the data attribute &quot;hasFactory&quot;" time="0"/>
<testcase classname="Testing the settings page: test the bundle list: checking the data attributes of the bundle items:" name="should have the data attribute &quot;hasConfigurations&quot;" time="0"/>
<testcase classname="Testing the settings page: test the configuration panel:" name="should have an add button" time="0.002"/>
<testcase classname="Testing the settings page: test the configuration panel:" name="should show the configuration panel when clicking on the add button" time="0.001"/>
<testcase classname="Testing the settings page: test the configuration panel:" name="should have a close button" time="0"/>
<testcase classname="Testing the settings page: test the configuration panel:" name="should have a title" time="0.001"/>
<testcase classname="Testing the settings page: test the configuration panel:" name="should have the correct text in the title" time="0.002"/>
<testcase classname="Testing the settings page: test the configuration panel:" name="should have at least 1 configuration option" time="0.001"/>
<testcase classname="Testing the settings page: test the configuration panel:" name="should return to the &quot;App Settings&quot; page when clicking the &quot;Create new&quot; button" time="0"/>
<testcase classname="Testing the settings page: test the data attributes of the configuration options:" name="should have the data attribute &quot;defaultValue&quot;" time="0.001"/>
<testcase classname="Testing the settings page: test the data attributes of the configuration options:" name="should have the data attribute &quot;id&quot;" time="0"/>
<testcase classname="Testing the settings page: test the data attributes of the configuration options:" name="should have the data attribute &quot;isRequired&quot;" time="0.001"/>
<testcase classname="Testing the settings page: test the data attributes of the configuration options:" name="should have the data attribute &quot;name&quot;" time="0"/>
<testcase classname="Testing the settings page: test the data attributes of the configuration options:" name="should have the data attribute &quot;optionLabels&quot;" time="0"/>
<testcase classname="Testing the settings page: test the data attributes of the configuration options:" name="should have the data attribute &quot;optionValues&quot;" time="0"/>
<testcase classname="Testing the settings page: test the data attributes of the configuration options:" name="should have the data attribute &quot;type&quot;" time="0.001"/>
<testcase classname="Testing the settings page: test the data attributes of the configuration options:" name="should have the correct text in the label" time="0"/>
<testcase classname="Testing the settings page: test the data attributes of the configuration options:" name="should have the correct default value set" time="0"><skipped/></testcase>
<testcase classname="Testing the settings page: test the &quot;Create New&quot; button attributes of the config panel:" name="should have the 'bundle-id' attribute" time="0.001"/>
<testcase classname="Testing the settings page: test the &quot;Create New&quot; button attributes of the config panel:" name="should have the 'location' attribute" time="0"/>
<testcase classname="Testing the settings page: test the &quot;Create New&quot; button attributes of the config panel:" name="should have the 'has-factory' attribute" time="0"/>
<testcase classname="Testing the settings page: test the &quot;Create New&quot; button attributes of the config panel:" name="should have the 'has-fpid' attribute" time="0"/>
<testcase classname="Testing the settings page: test the &quot;Create New&quot; button attributes of the config panel:" name="should have the text &quot;Create new&quot;" time="0.001"/>
<testcase classname="Testing the settings page: test canceling the create of a new app," name="should return to the &quot;New App&quot; page when hitting the close button" time="0.122"/>
<testcase classname="Testing the settings page: test canceling the create of a new app," name="should return to the &quot;New App&quot; page when clicking outside the config panel" time="0.115"/>
</testsuite>
